[{"line":4,"elements":[{"start_timestamp":"2023-07-24T20:46:07.829Z","line":6,"name":"Check login is successful with valid credentials","description":"","id":"feature-to-test-login-functionality;check-login-is-successful-with-valid-credentials","type":"scenario","keyword":"Scenario","steps":[{"result":{"duration":4168040300,"status":"passed"},"line":7,"name":"user open the browser","match":{"location":"com.fdmgroup.testScript.loginStepTest.user_open_the_browser()"},"keyword":"Given "},{"result":{"duration":2298060200,"status":"passed"},"line":8,"name":"user launch the google webpage","match":{"location":"com.fdmgroup.testScript.loginStepTest.user_launch_the_google_webpage()"},"keyword":"And "},{"result":{"duration":456707000,"status":"passed"},"line":9,"name":"user write amazon in search box","match":{"location":"com.fdmgroup.testScript.loginStepTest.user_write_amazon_in_search_box()"},"keyword":"And "},{"result":{"duration":5643136600,"status":"passed"},"line":10,"name":"user click on amazon link","match":{"location":"com.fdmgroup.testScript.loginStepTest.user_click_on_amazon_link()"},"keyword":"When "},{"result":{"duration":561646100,"status":"passed"},"line":11,"name":"amazon page verification","match":{"location":"com.fdmgroup.testScript.loginStepTest.amazon_page_verification()"},"keyword":"And "},{"result":{"duration":1058038900,"status":"passed"},"line":12,"name":"click signin button","match":{"location":"com.fdmgroup.testScript.loginStepTest.click_signin_button()"},"keyword":"And "},{"result":{"duration":1914052000,"status":"passed"},"line":13,"name":"user enter email and password","match":{"location":"com.fdmgroup.testScript.loginStepTest.user_enter_email_and_password()"},"keyword":"And "},{"result":{"duration":303250000,"status":"passed"},"line":14,"name":"user click on submit button","match":{"location":"com.fdmgroup.testScript.loginStepTest.user_click_on_submit_button()"},"keyword":"And "},{"result":{"error_message":"org.openqa.selenium.NoSuchElementException: no such element: Unable to locate element: {\"method\":\"xpath\",\"selector\":\"//*[contains(@id,'nav-link-accountList-nav-line-1')]\"}\n  (Session info: chrome=114.0.5735.199)\nFor documentation on this error, please visit: https://selenium.dev/exceptions/#no_such_element\nBuild info: version: '4.8.3', revision: 'e5e76298c3'\nSystem info: os.name: 'Windows 11', os.arch: 'amd64', os.version: '10.0', java.version: '17.0.2'\nDriver info: org.openqa.selenium.chrome.ChromeDriver\nCommand: [5359a7e437fb58bd6a5082da07624efe, findElement {using=xpath, value=//*[contains(@id,'nav-link-accountList-nav-line-1')]}]\nCapabilities {acceptInsecureCerts: false, browserName: chrome, browserVersion: 114.0.5735.199, chrome: {chromedriverVersion: 114.0.5735.90 (386bc09e8f4f..., userDataDir: C:\\Users\\Swapn\\AppData\\Loca...}, goog:chromeOptions: {debuggerAddress: localhost:54527}, networkConnectionEnabled: false, pageLoadStrategy: normal, platformName: WINDOWS, proxy: Proxy(), se:cdp: ws://localhost:54527/devtoo..., se:cdpVersion: 114.0.5735.199, setWindowRect: true, strictFileInteractability: false, timeouts: {implicit: 0, pageLoad: 300000, script: 30000}, unhandledPromptBehavior: dismiss and notify, webauthn:extension:credBlob: true, webauthn:extension:largeBlob: true, webauthn:extension:minPinLength: true, webauthn:extension:prf: true, webauthn:virtualAuthenticators: true}\nSession ID: 5359a7e437fb58bd6a5082da07624efe\r\n\tat java.base/jdk.internal.reflect.NativeConstructorAccessorImpl.newInstance0(Native Method)\r\n\tat java.base/jdk.internal.reflect.NativeConstructorAccessorImpl.newInstance(NativeConstructorAccessorImpl.java:77)\r\n\tat java.base/jdk.internal.reflect.DelegatingConstructorAccessorImpl.newInstance(DelegatingConstructorAccessorImpl.java:45)\r\n\tat java.base/java.lang.reflect.Constructor.newInstanceWithCaller(Constructor.java:499)\r\n\tat java.base/java.lang.reflect.Constructor.newInstance(Constructor.java:480)\r\n\tat org.openqa.selenium.remote.codec.w3c.W3CHttpResponseCodec.createException(W3CHttpResponseCodec.java:200)\r\n\tat org.openqa.selenium.remote.codec.w3c.W3CHttpResponseCodec.decode(W3CHttpResponseCodec.java:133)\r\n\tat org.openqa.selenium.remote.codec.w3c.W3CHttpResponseCodec.decode(W3CHttpResponseCodec.java:53)\r\n\tat org.openqa.selenium.remote.HttpCommandExecutor.execute(HttpCommandExecutor.java:193)\r\n\tat org.openqa.selenium.remote.service.DriverCommandExecutor.invokeExecute(DriverCommandExecutor.java:183)\r\n\tat org.openqa.selenium.remote.service.DriverCommandExecutor.execute(DriverCommandExecutor.java:158)\r\n\tat org.openqa.selenium.remote.RemoteWebDriver.execute(RemoteWebDriver.java:543)\r\n\tat org.openqa.selenium.remote.ElementLocation$ElementFinder$2.findElement(ElementLocation.java:162)\r\n\tat org.openqa.selenium.remote.ElementLocation.findElement(ElementLocation.java:60)\r\n\tat org.openqa.selenium.remote.RemoteWebDriver.findElement(RemoteWebDriver.java:352)\r\n\tat org.openqa.selenium.remote.RemoteWebDriver.findElement(RemoteWebDriver.java:344)\r\n\tat com.fdmgroup.pages.SigninVarification.getuser(SigninVarification.java:11)\r\n\tat com.fdmgroup.testScript.loginStepTest.user_page_verification(loginStepTest.java:77)\r\n\tat ✽.user page verification(file:///C:/Users/Swapn/eclipse-workspace/AmazonProjectWithCucumber/src/test/resources/Features/F1_login.feature:15)\r\n","duration":11148442000,"status":"failed"},"line":15,"name":"user page verification","match":{"location":"com.fdmgroup.testScript.loginStepTest.user_page_verification()"},"keyword":"Then "}]}],"name":"Feature to test login functionality","description":"","id":"feature-to-test-login-functionality","keyword":"Feature","uri":"file:src/test/resources/Features/F1_login.feature","tags":[]},{"line":2,"elements":[{"start_timestamp":"2023-07-24T20:46:35.463Z","line":4,"name":"Navigate to New Releases page and get new product with price","description":"","id":"new-releases-page-navigation-and-get-products;navigate-to-new-releases-page-and-get-new-product-with-price","type":"scenario","keyword":"Scenario","steps":[{"result":{"duration":2302135900,"status":"passed"},"line":5,"name":"user is on home page","match":{"location":"com.fdmgroup.testScript.FooterLinksStepTest.user_is_on_home_page()"},"keyword":"Given "},{"result":{"duration":1005570000,"status":"passed"},"line":6,"name":"user can see new releases quick link","match":{"location":"com.fdmgroup.testScript.NewReleasesStepTest.user_can_see_new_releases_quick_link()"},"keyword":"And "},{"result":{"duration":1362649500,"status":"passed"},"line":7,"name":"user click on new releases link","match":{"location":"com.fdmgroup.testScript.NewReleasesStepTest.user_click_on_new_releases_link()"},"keyword":"When "},{"result":{"duration":1001448900,"status":"passed"},"line":8,"name":"verify user on new release page","match":{"location":"com.fdmgroup.testScript.NewReleasesStepTest.verify_user_on_new_release_page()"},"keyword":"And "},{"result":{"duration":781700500,"status":"passed"},"line":9,"name":"print new launch products with price","match":{"location":"com.fdmgroup.testScript.NewReleasesStepTest.print_new_launch_products_with_price()"},"keyword":"Then "}]}],"name":"New Releases page navigation and get products","description":"","id":"new-releases-page-navigation-and-get-products","keyword":"Feature","uri":"file:src/test/resources/Features/F2_newRelease.feature","tags":[]},{"line":4,"elements":[{"start_timestamp":"2023-07-24T20:46:41.961Z","line":6,"name":"check whether we are getting results according to the Search data","description":"","id":"feature-to-test-an-item-search-functionality;check-whether-we-are-getting-results-according-to-the-search-data","type":"scenario","keyword":"Scenario","steps":[{"result":{"duration":2354188300,"status":"passed"},"line":7,"name":"user should launch the application","match":{"location":"com.fdmgroup.testScript.searchStepTest.user_should_launch_the_application()"},"keyword":"Given "},{"result":{"duration":6564913900,"status":"passed"},"line":8,"name":"User enters an item to search and clicks Enter","match":{"location":"com.fdmgroup.testScript.searchStepTest.user_enters_an_item_to_search_and_clicks_enter()"},"keyword":"When "},{"result":{"duration":978078300,"status":"passed"},"line":9,"name":"user Should get Items according to the Search Data","match":{"location":"com.fdmgroup.testScript.searchStepTest.user_should_get_items_according_to_the_search_data()"},"keyword":"Then "}]},{"start_timestamp":"2023-07-24T20:46:51.894Z","line":11,"name":"check whether we are getting results sorted acoording to the color,size,Brandname","description":"","id":"feature-to-test-an-item-search-functionality;check-whether-we-are-getting-results-sorted-acoording-to-the-color-size-brandname","type":"scenario","keyword":"Scenario","steps":[{"result":{"duration":2663938500,"status":"passed"},"line":12,"name":"user should launch the application","match":{"location":"com.fdmgroup.testScript.searchStepTest.user_should_launch_the_application()"},"keyword":"Given "},{"result":{"duration":1152008600,"status":"passed"},"line":13,"name":"User enters an item to search and clicks Enter","match":{"location":"com.fdmgroup.testScript.searchStepTest.user_enters_an_item_to_search_and_clicks_enter()"},"keyword":"And "},{"result":{"duration":421286300,"status":"passed"},"line":14,"name":"user Should get Items according to the Search Data","match":{"location":"com.fdmgroup.testScript.searchStepTest.user_should_get_items_according_to_the_search_data()"},"keyword":"And "},{"result":{"error_message":"org.openqa.selenium.NoSuchElementException: no such element: Unable to locate element: {\"method\":\"xpath\",\"selector\":\"//div[@id='brandsRefinements']/ul/li[@aria-label='Amazon Essentials']//input\"}\n  (Session info: chrome=114.0.5735.199)\nFor documentation on this error, please visit: https://selenium.dev/exceptions/#no_such_element\nBuild info: version: '4.8.3', revision: 'e5e76298c3'\nSystem info: os.name: 'Windows 11', os.arch: 'amd64', os.version: '10.0', java.version: '17.0.2'\nDriver info: org.openqa.selenium.chrome.ChromeDriver\nCommand: [5359a7e437fb58bd6a5082da07624efe, findElement {using=xpath, value=//div[@id='brandsRefinements']/ul/li[@aria-label='Amazon Essentials']//input}]\nCapabilities {acceptInsecureCerts: false, browserName: chrome, browserVersion: 114.0.5735.199, chrome: {chromedriverVersion: 114.0.5735.90 (386bc09e8f4f..., userDataDir: C:\\Users\\Swapn\\AppData\\Loca...}, goog:chromeOptions: {debuggerAddress: localhost:54527}, networkConnectionEnabled: false, pageLoadStrategy: normal, platformName: WINDOWS, proxy: Proxy(), se:cdp: ws://localhost:54527/devtoo..., se:cdpVersion: 114.0.5735.199, setWindowRect: true, strictFileInteractability: false, timeouts: {implicit: 0, pageLoad: 300000, script: 30000}, unhandledPromptBehavior: dismiss and notify, webauthn:extension:credBlob: true, webauthn:extension:largeBlob: true, webauthn:extension:minPinLength: true, webauthn:extension:prf: true, webauthn:virtualAuthenticators: true}\nSession ID: 5359a7e437fb58bd6a5082da07624efe\r\n\tat java.base/jdk.internal.reflect.NativeConstructorAccessorImpl.newInstance0(Native Method)\r\n\tat java.base/jdk.internal.reflect.NativeConstructorAccessorImpl.newInstance(NativeConstructorAccessorImpl.java:77)\r\n\tat java.base/jdk.internal.reflect.DelegatingConstructorAccessorImpl.newInstance(DelegatingConstructorAccessorImpl.java:45)\r\n\tat java.base/java.lang.reflect.Constructor.newInstanceWithCaller(Constructor.java:499)\r\n\tat java.base/java.lang.reflect.Constructor.newInstance(Constructor.java:480)\r\n\tat org.openqa.selenium.remote.codec.w3c.W3CHttpResponseCodec.createException(W3CHttpResponseCodec.java:200)\r\n\tat org.openqa.selenium.remote.codec.w3c.W3CHttpResponseCodec.decode(W3CHttpResponseCodec.java:133)\r\n\tat org.openqa.selenium.remote.codec.w3c.W3CHttpResponseCodec.decode(W3CHttpResponseCodec.java:53)\r\n\tat org.openqa.selenium.remote.HttpCommandExecutor.execute(HttpCommandExecutor.java:193)\r\n\tat org.openqa.selenium.remote.service.DriverCommandExecutor.invokeExecute(DriverCommandExecutor.java:183)\r\n\tat org.openqa.selenium.remote.service.DriverCommandExecutor.execute(DriverCommandExecutor.java:158)\r\n\tat org.openqa.selenium.remote.RemoteWebDriver.execute(RemoteWebDriver.java:543)\r\n\tat org.openqa.selenium.remote.ElementLocation$ElementFinder$2.findElement(ElementLocation.java:162)\r\n\tat org.openqa.selenium.remote.ElementLocation.findElement(ElementLocation.java:60)\r\n\tat org.openqa.selenium.remote.RemoteWebDriver.findElement(RemoteWebDriver.java:352)\r\n\tat org.openqa.selenium.remote.RemoteWebDriver.findElement(RemoteWebDriver.java:344)\r\n\tat com.fdmgroup.pages.SearchPage.chooseBrandFromTheBrandRefinements(SearchPage.java:32)\r\n\tat com.fdmgroup.testScript.searchStepTest.user_selects_the_brand_name_and_size_and_color(searchStepTest.java:48)\r\n\tat ✽.user selects the BrandName and Size and Color(file:///C:/Users/Swapn/eclipse-workspace/AmazonProjectWithCucumber/src/test/resources/Features/F3_search.feature:15)\r\n","duration":10045550500,"status":"failed"},"line":15,"name":"user selects the BrandName and Size and Color","match":{"location":"com.fdmgroup.testScript.searchStepTest.user_selects_the_brand_name_and_size_and_color()"},"keyword":"When "},{"result":{"duration":1028900,"status":"skipped"},"line":16,"name":"user Should get Items Sorted according to the selection","match":{"location":"com.fdmgroup.testScript.searchStepTest.user_should_get_items_sorted_according_to_the_selection()"},"keyword":"Then "}]}],"name":"feature to test an Item search functionality","description":"","id":"feature-to-test-an-item-search-functionality","keyword":"Feature","uri":"file:src/test/resources/Features/F3_search.feature","tags":[]},{"line":4,"elements":[{"start_timestamp":"2023-07-24T20:47:06.201Z","line":6,"name":"Check item is added to cart and proceed to checkout","description":"","id":"feature-to-test-itemaddedtocart-functionality;check-item-is-added-to-cart-and-proceed-to-checkout","type":"scenario","keyword":"Scenario","steps":[{"result":{"error_message":"org.openqa.selenium.NoSuchElementException: no such element: Unable to locate element: {\"method\":\"xpath\",\"selector\":\"//*[@id=\"search\"]/div[1]/div[1]/div/span[3]/div[2]/div[2]/div/div/div/div/div[1]/div/span/a/div/img[1]\"}\n  (Session info: chrome=114.0.5735.199)\nFor documentation on this error, please visit: https://selenium.dev/exceptions/#no_such_element\nBuild info: version: '4.8.3', revision: 'e5e76298c3'\nSystem info: os.name: 'Windows 11', os.arch: 'amd64', os.version: '10.0', java.version: '17.0.2'\nDriver info: org.openqa.selenium.chrome.ChromeDriver\nCommand: [5359a7e437fb58bd6a5082da07624efe, findElement {using=xpath, value=//*[@id=\"search\"]/div[1]/div[1]/div/span[3]/div[2]/div[2]/div/div/div/div/div[1]/div/span/a/div/img[1]}]\nCapabilities {acceptInsecureCerts: false, browserName: chrome, browserVersion: 114.0.5735.199, chrome: {chromedriverVersion: 114.0.5735.90 (386bc09e8f4f..., userDataDir: C:\\Users\\Swapn\\AppData\\Loca...}, goog:chromeOptions: {debuggerAddress: localhost:54527}, networkConnectionEnabled: false, pageLoadStrategy: normal, platformName: WINDOWS, proxy: Proxy(), se:cdp: ws://localhost:54527/devtoo..., se:cdpVersion: 114.0.5735.199, setWindowRect: true, strictFileInteractability: false, timeouts: {implicit: 0, pageLoad: 300000, script: 30000}, unhandledPromptBehavior: dismiss and notify, webauthn:extension:credBlob: true, webauthn:extension:largeBlob: true, webauthn:extension:minPinLength: true, webauthn:extension:prf: true, webauthn:virtualAuthenticators: true}\nSession ID: 5359a7e437fb58bd6a5082da07624efe\r\n\tat java.base/jdk.internal.reflect.NativeConstructorAccessorImpl.newInstance0(Native Method)\r\n\tat java.base/jdk.internal.reflect.NativeConstructorAccessorImpl.newInstance(NativeConstructorAccessorImpl.java:77)\r\n\tat java.base/jdk.internal.reflect.DelegatingConstructorAccessorImpl.newInstance(DelegatingConstructorAccessorImpl.java:45)\r\n\tat java.base/java.lang.reflect.Constructor.newInstanceWithCaller(Constructor.java:499)\r\n\tat java.base/java.lang.reflect.Constructor.newInstance(Constructor.java:480)\r\n\tat org.openqa.selenium.remote.codec.w3c.W3CHttpResponseCodec.createException(W3CHttpResponseCodec.java:200)\r\n\tat org.openqa.selenium.remote.codec.w3c.W3CHttpResponseCodec.decode(W3CHttpResponseCodec.java:133)\r\n\tat org.openqa.selenium.remote.codec.w3c.W3CHttpResponseCodec.decode(W3CHttpResponseCodec.java:53)\r\n\tat org.openqa.selenium.remote.HttpCommandExecutor.execute(HttpCommandExecutor.java:193)\r\n\tat org.openqa.selenium.remote.service.DriverCommandExecutor.invokeExecute(DriverCommandExecutor.java:183)\r\n\tat org.openqa.selenium.remote.service.DriverCommandExecutor.execute(DriverCommandExecutor.java:158)\r\n\tat org.openqa.selenium.remote.RemoteWebDriver.execute(RemoteWebDriver.java:543)\r\n\tat org.openqa.selenium.remote.ElementLocation$ElementFinder$2.findElement(ElementLocation.java:162)\r\n\tat org.openqa.selenium.remote.ElementLocation.findElement(ElementLocation.java:60)\r\n\tat org.openqa.selenium.remote.RemoteWebDriver.findElement(RemoteWebDriver.java:352)\r\n\tat org.openqa.selenium.remote.RemoteWebDriver.findElement(RemoteWebDriver.java:344)\r\n\tat com.fdmgroup.pages.AddItemPage.selectCartItem(AddItemPage.java:9)\r\n\tat com.fdmgroup.testScript.AddItemStepTest.select_item_to_add(AddItemStepTest.java:21)\r\n\tat ✽.select item to add(file:///C:/Users/Swapn/eclipse-workspace/AmazonProjectWithCucumber/src/test/resources/Features/F4_addingItem.feature:7)\r\n","duration":10044887700,"status":"failed"},"line":7,"name":"select item to add","match":{"location":"com.fdmgroup.testScript.AddItemStepTest.select_item_to_add()"},"keyword":"Given "},{"result":{"duration":1004500,"status":"skipped"},"line":8,"name":"select quatity to add","match":{"location":"com.fdmgroup.testScript.AddItemStepTest.select_quatity_to_add()"},"keyword":"And "},{"result":{"duration":995100,"status":"skipped"},"line":9,"name":"click add to cart button","match":{"location":"com.fdmgroup.testScript.AddItemStepTest.click_add_to_cart_button()"},"keyword":"And "},{"result":{"status":"skipped"},"line":10,"name":"item added to cart","match":{"location":"com.fdmgroup.testScript.AddItemStepTest.item_added_to_cart()"},"keyword":"When "},{"result":{"duration":1002600,"status":"skipped"},"line":11,"name":"user can proceed to checkout","match":{"location":"com.fdmgroup.testScript.AddItemStepTest.user_can_proceed_to_checkout()"},"keyword":"Then "}]}],"name":"Feature to test itemAddedToCart Functionality","description":"","id":"feature-to-test-itemaddedtocart-functionality","keyword":"Feature","uri":"file:src/test/resources/Features/F4_addingItem.feature","tags":[]},{"line":2,"elements":[{"start_timestamp":"2023-07-24T20:47:16.268Z","line":4,"name":"Navigate to best seller page and get top product with price","description":"","id":"best-seller-page-navigation-and-get-products;navigate-to-best-seller-page-and-get-top-product-with-price","type":"scenario","keyword":"Scenario","steps":[{"result":{"duration":2778012200,"status":"passed"},"line":5,"name":"user is on home page","match":{"location":"com.fdmgroup.testScript.FooterLinksStepTest.user_is_on_home_page()"},"keyword":"Given "},{"result":{"duration":692395600,"status":"passed"},"line":6,"name":"user can see best sellers quick link","match":{"location":"com.fdmgroup.testScript.BestSellerStepTest.user_can_see_best_sellers_quick_link()"},"keyword":"And "},{"result":{"duration":1176533200,"status":"passed"},"line":7,"name":"user click on best seller link","match":{"location":"com.fdmgroup.testScript.BestSellerStepTest.user_click_on_best_seller_link()"},"keyword":"When "},{"result":{"duration":808171300,"status":"passed"},"line":8,"name":"verify user on right page","match":{"location":"com.fdmgroup.testScript.BestSellerStepTest.verify_user_on_right_page()"},"keyword":"And "},{"result":{"duration":412287500,"status":"passed"},"line":9,"name":"print top products with price","match":{"location":"com.fdmgroup.testScript.BestSellerStepTest.print_top_products_with_price()"},"keyword":"Then "}]}],"name":"Best Seller page navigation and get products","description":"","id":"best-seller-page-navigation-and-get-products","keyword":"Feature","uri":"file:src/test/resources/Features/F6_bestSeller.feature","tags":[]},{"line":4,"elements":[{"start_timestamp":"2023-07-24T20:47:22.152Z","line":6,"name":"Checking all links are present in footer section or not","description":"","id":"check-to-all-footer-links;checking-all-links-are-present-in-footer-section-or-not","type":"scenario","keyword":"Scenario","steps":[{"result":{"duration":1882991600,"status":"passed"},"line":7,"name":"user is on home page","match":{"location":"com.fdmgroup.testScript.FooterLinksStepTest.user_is_on_home_page()"},"keyword":"Given "},{"result":{"duration":1306808500,"status":"passed"},"line":8,"name":"footer links are present","match":{"location":"com.fdmgroup.testScript.FooterLinksStepTest.fotter_links_are_present()"},"keyword":"When "},{"result":{"duration":563508500,"status":"passed"},"line":9,"name":"print all links present in footer","match":{"location":"com.fdmgroup.testScript.FooterLinksStepTest.print_all_links_present_in_footer()"},"keyword":"Then "}]}],"name":"Check to all footer links","description":"","id":"check-to-all-footer-links","keyword":"Feature","uri":"file:src/test/resources/Features/F7_footerlinks.feature","tags":[]},{"line":2,"elements":[{"start_timestamp":"2023-07-24T20:47:25.924Z","line":4,"name":"Click on first product of best seller page and find in browser history","description":"","id":"browser-history-feature-functionality;click-on-first-product-of-best-seller-page-and-find-in-browser-history","type":"scenario","keyword":"Scenario","steps":[{"result":{"duration":2441622700,"status":"passed"},"line":5,"name":"user is on home page","match":{"location":"com.fdmgroup.testScript.FooterLinksStepTest.user_is_on_home_page()"},"keyword":"Given "},{"result":{"duration":1346262600,"status":"passed"},"line":6,"name":"click on best seller link","match":{"location":"com.fdmgroup.testScript.BrowserHistoryStepTest.click_on_best_seller_link()"},"keyword":"And "},{"result":{"error_message":"org.openqa.selenium.NoSuchElementException: no such element: Unable to locate element: {\"method\":\"xpath\",\"selector\":\"//div[normalize-space()='Disposable Face Masks 3 Ply Masks with Adjustable Nose Strip Comfortable Cotton 3-Ply Masks for Every Day Use']\"}\n  (Session info: chrome=114.0.5735.199)\nFor documentation on this error, please visit: https://selenium.dev/exceptions/#no_such_element\nBuild info: version: '4.8.3', revision: 'e5e76298c3'\nSystem info: os.name: 'Windows 11', os.arch: 'amd64', os.version: '10.0', java.version: '17.0.2'\nDriver info: org.openqa.selenium.chrome.ChromeDriver\nCommand: [5359a7e437fb58bd6a5082da07624efe, findElement {using=xpath, value=//div[normalize-space()='Disposable Face Masks 3 Ply Masks with Adjustable Nose Strip Comfortable Cotton 3-Ply Masks for Every Day Use']}]\nCapabilities {acceptInsecureCerts: false, browserName: chrome, browserVersion: 114.0.5735.199, chrome: {chromedriverVersion: 114.0.5735.90 (386bc09e8f4f..., userDataDir: C:\\Users\\Swapn\\AppData\\Loca...}, goog:chromeOptions: {debuggerAddress: localhost:54527}, networkConnectionEnabled: false, pageLoadStrategy: normal, platformName: WINDOWS, proxy: Proxy(), se:cdp: ws://localhost:54527/devtoo..., se:cdpVersion: 114.0.5735.199, setWindowRect: true, strictFileInteractability: false, timeouts: {implicit: 0, pageLoad: 300000, script: 30000}, unhandledPromptBehavior: dismiss and notify, webauthn:extension:credBlob: true, webauthn:extension:largeBlob: true, webauthn:extension:minPinLength: true, webauthn:extension:prf: true, webauthn:virtualAuthenticators: true}\nSession ID: 5359a7e437fb58bd6a5082da07624efe\r\n\tat java.base/jdk.internal.reflect.NativeConstructorAccessorImpl.newInstance0(Native Method)\r\n\tat java.base/jdk.internal.reflect.NativeConstructorAccessorImpl.newInstance(NativeConstructorAccessorImpl.java:77)\r\n\tat java.base/jdk.internal.reflect.DelegatingConstructorAccessorImpl.newInstance(DelegatingConstructorAccessorImpl.java:45)\r\n\tat java.base/java.lang.reflect.Constructor.newInstanceWithCaller(Constructor.java:499)\r\n\tat java.base/java.lang.reflect.Constructor.newInstance(Constructor.java:480)\r\n\tat org.openqa.selenium.remote.codec.w3c.W3CHttpResponseCodec.createException(W3CHttpResponseCodec.java:200)\r\n\tat org.openqa.selenium.remote.codec.w3c.W3CHttpResponseCodec.decode(W3CHttpResponseCodec.java:133)\r\n\tat org.openqa.selenium.remote.codec.w3c.W3CHttpResponseCodec.decode(W3CHttpResponseCodec.java:53)\r\n\tat org.openqa.selenium.remote.HttpCommandExecutor.execute(HttpCommandExecutor.java:193)\r\n\tat org.openqa.selenium.remote.service.DriverCommandExecutor.invokeExecute(DriverCommandExecutor.java:183)\r\n\tat org.openqa.selenium.remote.service.DriverCommandExecutor.execute(DriverCommandExecutor.java:158)\r\n\tat org.openqa.selenium.remote.RemoteWebDriver.execute(RemoteWebDriver.java:543)\r\n\tat org.openqa.selenium.remote.ElementLocation$ElementFinder$2.findElement(ElementLocation.java:162)\r\n\tat org.openqa.selenium.remote.ElementLocation.findElement(ElementLocation.java:60)\r\n\tat org.openqa.selenium.remote.RemoteWebDriver.findElement(RemoteWebDriver.java:352)\r\n\tat org.openqa.selenium.remote.RemoteWebDriver.findElement(RemoteWebDriver.java:344)\r\n\tat com.fdmgroup.pages.BestSellerPage.productMask(BestSellerPage.java:20)\r\n\tat com.fdmgroup.testScript.BrowserHistoryStepTest.click_on_first_product(BrowserHistoryStepTest.java:29)\r\n\tat ✽.click on first product(file:///C:/Users/Swapn/eclipse-workspace/AmazonProjectWithCucumber/src/test/resources/Features/F8_browserHistory.feature:7)\r\n","duration":10036466600,"status":"failed"},"line":7,"name":"click on first product","match":{"location":"com.fdmgroup.testScript.BrowserHistoryStepTest.click_on_first_product()"},"keyword":"And "},{"result":{"duration":1001500,"status":"skipped"},"line":8,"name":"click on amazon logo","match":{"location":"com.fdmgroup.testScript.BrowserHistoryStepTest.click_on_amazon_logo()"},"keyword":"And "},{"result":{"status":"skipped"},"line":9,"name":"check for browser history link or tab","match":{"location":"com.fdmgroup.testScript.BrowserHistoryStepTest.check_for_browser_history_link_or_tab()"},"keyword":"When "},{"result":{"status":"skipped"},"line":10,"name":"click on browser history tab","match":{"location":"com.fdmgroup.testScript.BrowserHistoryStepTest.click_on_browser_history_tab()"},"keyword":"And "},{"result":{"status":"skipped"},"line":11,"name":"verify recently viewed product is present or not","match":{"location":"com.fdmgroup.testScript.BrowserHistoryStepTest.verify_recently_viewed_product_is_present_or_not()"},"keyword":"Then "},{"result":{"status":"skipped"},"line":12,"name":"quit browser","match":{"location":"com.fdmgroup.testScript.BrowserHistoryStepTest.quit_browser()"},"keyword":"And "}]}],"name":"Browser History feature functionality","description":"","id":"browser-history-feature-functionality","keyword":"Feature","uri":"file:src/test/resources/Features/F8_browserHistory.feature","tags":[]}]